<?xml version="1.0" encoding="UTF-8"?>
<!-- Generated by org.testng.reporters.JUnitReportReporter -->
<testsuite hostname="DESKTOP-DGP1LUM" failures="0" tests="3" name="Sample1.practiseForTestNG" time="0.026" errors="0" timestamp="2024-08-31T12:35:26 IST" skipped="0">
  <testcase classname="Sample1.practiseForTestNG" name="DeleteUser" time="0.002"/>
  <testcase classname="Sample1.practiseForTestNG" name="ModifyUser" time="0.006"/>
  <testcase classname="Sample1.practiseForTestNG" name="CreateUser" time="0.018"/>
</testsuite> <!-- Sample1.practiseForTestNG -->
