<?xml version="1.0" encoding="UTF-8"?>
<!-- Generated by org.testng.reporters.JUnitReportReporter -->
<testsuite hostname="DESKTOP-DGP1LUM" failures="0" tests="2" name="testcase_repo.LE_02" time="25.309" errors="0" timestamp="2024-09-09T18:47:15 IST" skipped="0">
  <testcase classname="testcase_repo.LE_02" name="le_02TC" time="12.224"/>
  <system-out>
    <![CDATA[This le_02TCstarted
This le_02TCwas sucessfull]]>
  </system-out>
  <testcase classname="testcase_repo.LE_02" name="le_02TC" time="13.085"/>
  <system-out>
    <![CDATA[This le_02TCstarted
This le_02TCwas sucessfull]]>
  </system-out>
</testsuite> <!-- testcase_repo.LE_02 -->
